TN:
SF:tests\collection-scraper.js
FN:4,cleanName
FN:11,(anonymous_1)
FN:12,(anonymous_2)
FN:13,(anonymous_3)
FN:18,extractCollectionInfo
FN:27,(anonymous_5)
FN:45,scanPageForCollections
FN:48,(anonymous_7)
FN:49,(anonymous_8)
FN:53,(anonymous_9)
FN:75,(anonymous_10)
FN:80,(anonymous_11)
FN:89,(anonymous_12)
FNF:13
FNH:12
FNDA:27,cleanName
FNDA:39,(anonymous_1)
FNDA:39,(anonymous_2)
FNDA:39,(anonymous_3)
FNDA:24,extractCollectionInfo
FNDA:66,(anonymous_5)
FNDA:5,scanPageForCollections
FNDA:10,(anonymous_7)
FNDA:0,(anonymous_8)
FNDA:20,(anonymous_9)
FNDA:12,(anonymous_10)
FNDA:4,(anonymous_11)
FNDA:4,(anonymous_12)
DA:5,27
DA:6,27
DA:11,39
DA:12,39
DA:13,39
DA:19,24
DA:20,24
DA:21,23
DA:24,23
DA:27,66
DA:28,22
DA:29,22
DA:30,22
DA:32,22
DA:33,22
DA:39,1
DA:40,1
DA:46,5
DA:47,5
DA:48,10
DA:49,0
DA:53,5
DA:54,20
DA:55,20
DA:56,20
DA:57,10
DA:63,10
DA:67,5
DA:69,5
DA:70,5
DA:71,2
DA:75,5
DA:76,12
DA:80,5
DA:81,4
DA:82,4
DA:87,5
DA:88,5
DA:89,2
DA:90,4
DA:91,2
DA:96,5
DA:98,0
DA:99,0
LF:44
LH:41
BRDA:5,0,0,0
BRDA:5,0,1,27
BRDA:24,1,0,1
BRDA:24,1,1,22
BRDA:30,2,0,0
BRDA:30,2,1,22
BRDA:54,3,0,0
BRDA:54,3,1,20
BRDA:56,4,0,10
BRDA:56,4,1,10
BRDA:56,5,0,20
BRDA:56,5,1,20
BRDA:70,6,0,2
BRDA:70,6,1,3
BRDA:70,7,0,5
BRDA:70,7,1,2
BRDA:81,8,0,4
BRDA:81,8,1,0
BRDA:88,9,0,2
BRDA:88,9,1,3
BRDA:90,10,0,2
BRDA:90,10,1,2
BRF:22
BRH:18
end_of_record
